<?xml version="1.0" encoding="UTF-8"?>
<testsuite xmlns:xsi="http://www.w3.org/2001/XMLSchema-instance" xsi:noNamespaceSchemaLocation="https://maven.apache.org/surefire/maven-surefire-plugin/xsd/surefire-test-report.xsd" name="kamil.szymoniak.test.ControllerTest" time="0.017" tests="21" errors="0" skipped="0" failures="0">
  <properties>
[...]
</properties>
  <testcase name="testValidKey{String}[1]" classname="kamil.szymoniak.test.ControllerTest" time="0"/>
  <testcase name="testValidKey{String}[2]" classname="kamil.szymoniak.test.ControllerTest" time="0"/>
  <testcase name="testValidKey{String}[3]" classname="kamil.szymoniak.test.ControllerTest" time="0"/>
  <testcase name="testValidKey{String}[4]" classname="kamil.szymoniak.test.ControllerTest" time="0"/>
  <testcase name="testValidKey{String}[5]" classname="kamil.szymoniak.test.ControllerTest" time="0"/>
  <testcase name="testValidKey{String}[6]" classname="kamil.szymoniak.test.ControllerTest" time="0"/>
  <testcase name="testValidMode{String}[1]" classname="kamil.szymoniak.test.ControllerTest" time="0"/>
  <testcase name="testValidMode{String}[2]" classname="kamil.szymoniak.test.ControllerTest" time="0"/>
  <testcase name="testValidMode{String}[3]" classname="kamil.szymoniak.test.ControllerTest" time="0"/>
  <testcase name="testValidMode{String}[4]" classname="kamil.szymoniak.test.ControllerTest" time="0"/>
  <testcase name="testInvalidModes{String}[1]" classname="kamil.szymoniak.test.ControllerTest" time="0.001"/>
  <testcase name="testInvalidModes{String}[2]" classname="kamil.szymoniak.test.ControllerTest" time="0.001"/>
  <testcase name="testInvalidModes{String}[3]" classname="kamil.szymoniak.test.ControllerTest" time="0"/>
  <testcase name="testInvalidModes{String}[4]" classname="kamil.szymoniak.test.ControllerTest" time="0"/>
  <testcase name="testInvalidKey{String}[1]" classname="kamil.szymoniak.test.ControllerTest" time="0"/>
  <testcase name="testInvalidKey{String}[2]" classname="kamil.szymoniak.test.ControllerTest" time="0.001"/>
  <testcase name="testInvalidKey{String}[3]" classname="kamil.szymoniak.test.ControllerTest" time="0"/>
  <testcase name="testInvalidKey{String}[4]" classname="kamil.szymoniak.test.ControllerTest" time="0"/>
  <testcase name="testInvalidKey{String}[5]" classname="kamil.szymoniak.test.ControllerTest" time="0"/>
  <testcase name="testInvalidKey{String}[6]" classname="kamil.szymoniak.test.ControllerTest" time="0.001"/>
  <testcase name="testInvalidKey{String}[7]" classname="kamil.szymoniak.test.ControllerTest" time="0.001"/>
</testsuite>